<?xml version="1.0" encoding="UTF-8"?>
<testng-results skipped="0" failed="1" ignored="0" total="1" passed="0">
  <reporter-output>
  </reporter-output>
  <suite name="Default suite" duration-ms="1282" started-at="2020-03-26T08:34:19Z" finished-at="2020-03-26T08:34:20Z">
    <groups>
    </groups>
    <test name="Default test" duration-ms="1282" started-at="2020-03-26T08:34:19Z" finished-at="2020-03-26T08:34:20Z">
      <class name="org.test.utility.Googletest">
        <test-method status="FAIL" signature="Googlepagetest(java.lang.String, java.lang.String, java.lang.String)[pri:0, instance:org.test.utility.Googletest@7d9d1a19]" name="Googlepagetest" duration-ms="0" started-at="2020-03-26T08:34:20Z" data-provider="getTestData" finished-at="2020-03-26T08:34:20Z">
          <exception class="org.testng.TestNGException">
            <message>
              <![CDATA[
Data Provider public java.util.ArrayList org.test.utility.Googletest.getTestData() must return either Object[][] or Object[] or Iterator<Object[]> or Iterator<Object>, not class java.util.ArrayList]]>
            </message>
            <full-stacktrace>
              <![CDATA[org.testng.TestNGException: 
Data Provider public java.util.ArrayList org.test.utility.Googletest.getTestData() must return either Object[][] or Object[] or Iterator<Object[]> or Iterator<Object>, not class java.util.ArrayList
at org.testng.internal.MethodInvocationHelper.invokeDataProvider(MethodInvocationHelper.java:156)
at org.testng.internal.Parameters.handleParameters(Parameters.java:706)
at org.testng.internal.ParameterHandler.handleParameters(ParameterHandler.java:49)
at org.testng.internal.ParameterHandler.createParameters(ParameterHandler.java:37)
at org.testng.internal.Invoker.invokeTestMethods(Invoker.java:924)
at org.testng.internal.TestMethodWorker.invokeTestMethods(TestMethodWorker.java:125)
at org.testng.internal.TestMethodWorker.run(TestMethodWorker.java:109)
at org.testng.TestRunner.privateRun(TestRunner.java:648)
at org.testng.TestRunner.run(TestRunner.java:505)
at org.testng.SuiteRunner.runTest(SuiteRunner.java:455)
at org.testng.SuiteRunner.runSequentially(SuiteRunner.java:450)
at org.testng.SuiteRunner.privateRun(SuiteRunner.java:415)
at org.testng.SuiteRunner.run(SuiteRunner.java:364)
at org.testng.SuiteRunnerWorker.runSuite(SuiteRunnerWorker.java:52)
at org.testng.SuiteRunnerWorker.run(SuiteRunnerWorker.java:84)
at org.testng.TestNG.runSuitesSequentially(TestNG.java:1208)
at org.testng.TestNG.runSuitesLocally(TestNG.java:1137)
at org.testng.TestNG.runSuites(TestNG.java:1049)
at org.testng.TestNG.run(TestNG.java:1017)
at org.testng.remote.AbstractRemoteTestNG.run(AbstractRemoteTestNG.java:114)
at org.testng.remote.RemoteTestNG.initAndRun(RemoteTestNG.java:251)
at org.testng.remote.RemoteTestNG.main(RemoteTestNG.java:77)
]]>
            </full-stacktrace>
          </exception> <!-- org.testng.TestNGException -->
          <reporter-output>
          </reporter-output>
        </test-method> <!-- Googlepagetest -->
      </class> <!-- org.test.utility.Googletest -->
    </test> <!-- Default test -->
  </suite> <!-- Default suite -->
</testng-results>
